Buildfile: D:\caTIES\concept_code\build.xml

stop_concept_code_server:
     [java] - Path of log4j properties file:C:\Documents and Settings\sarita_patel\Desktop\caTIES_Automation\log4j.properties
     [java] log4j:ERROR Could not read configuration file [C:\Documents and Settings\sarita_patel\Desktop\caTIES_Automation\log4j.properties].
     [java] java.io.FileNotFoundException: C:\Documents and Settings\sarita_patel\Desktop\caTIES_Automation\log4j.properties (The system cannot find the file specified)
     [java] 	at java.io.FileInputStream.open(Native Method)
     [java] 	at java.io.FileInputStream.<init>(FileInputStream.java:106)
     [java] 	at java.io.FileInputStream.<init>(FileInputStream.java:66)
     [java] 	at org.apache.log4j.PropertyConfigurator.doConfigure(PropertyConfigurator.java:306)
     [java] 	at org.apache.log4j.PropertyConfigurator.configure(PropertyConfigurator.java:324)
     [java] 	at edu.wustl.common.util.logger.LoggerConfig.configureLogger(LoggerConfig.java:76)
     [java] 	at edu.wustl.catissuecore.caties.util.StopServerThread.<clinit>(StopServerThread.java:32)
     [java] 	at java.lang.Class.forName0(Native Method)
     [java] 	at java.lang.Class.forName(Class.java:242)
     [java] 	at org.apache.tools.ant.taskdefs.ExecuteJava.execute(ExecuteJava.java:135)
     [java] 	at org.apache.tools.ant.taskdefs.Java.run(Java.java:764)
     [java] 	at org.apache.tools.ant.taskdefs.Java.executeJava(Java.java:218)
     [java] 	at org.apache.tools.ant.taskdefs.Java.executeJava(Java.java:132)
     [java] 	at org.apache.tools.ant.taskdefs.Java.execute(Java.java:105)
     [java] 	at org.apache.tools.ant.UnknownElement.execute(UnknownElement.java:288)
     [java] 	at sun.reflect.NativeMethodAccessorImpl.invoke0(Native Method)
     [java] 	at sun.reflect.NativeMethodAccessorImpl.invoke(NativeMethodAccessorImpl.java:39)
     [java] 	at sun.reflect.DelegatingMethodAccessorImpl.invoke(DelegatingMethodAccessorImpl.java:25)
     [java] 	at java.lang.reflect.Method.invoke(Method.java:585)
     [java] 	at org.apache.tools.ant.dispatch.DispatchUtils.execute(DispatchUtils.java:106)
     [java] 	at org.apache.tools.ant.Task.perform(Task.java:348)
     [java] 	at org.apache.tools.ant.Target.execute(Target.java:357)
     [java] 	at org.apache.tools.ant.Target.performTasks(Target.java:385)
     [java] 	at org.apache.tools.ant.Project.executeSortedTargets(Project.java:1337)
     [java] 	at org.apache.tools.ant.Project.executeTarget(Project.java:1306)
     [java] 	at org.apache.tools.ant.helper.DefaultExecutor.executeTargets(DefaultExecutor.java:41)
     [java] 	at org.apache.tools.ant.Project.executeTargets(Project.java:1189)
     [java] 	at org.apache.tools.ant.Main.runBuild(Main.java:758)
     [java] 	at org.apache.tools.ant.Main.startAnt(Main.java:217)
     [java] 	at org.apache.tools.ant.launch.Launcher.run(Launcher.java:257)
     [java] 	at org.apache.tools.ant.launch.Launcher.main(Launcher.java:104)
     [java] log4j:ERROR Ignoring configuration file [C:\Documents and Settings\sarita_patel\Desktop\caTIES_Automation\log4j.properties].
     [java] log4j:ERROR Could not read configuration file [null\logger.properties].
     [java] java.io.FileNotFoundException: null\logger.properties (The system cannot find the path specified)
     [java] 	at java.io.FileInputStream.open(Native Method)
     [java] 	at java.io.FileInputStream.<init>(FileInputStream.java:106)
     [java] 	at java.io.FileInputStream.<init>(FileInputStream.java:66)
     [java] 	at org.apache.log4j.PropertyConfigurator.doConfigure(PropertyConfigurator.java:306)
     [java] 	at org.apache.log4j.PropertyConfigurator.configure(PropertyConfigurator.java:324)
     [java] 	at edu.wustl.catissuecore.caties.util.StopServerThread.main(StopServerThread.java:50)
     [java] 	at sun.reflect.NativeMethodAccessorImpl.invoke0(Native Method)
     [java] 	at sun.reflect.NativeMethodAccessorImpl.invoke(NativeMethodAccessorImpl.java:39)
     [java] 	at sun.reflect.DelegatingMethodAccessorImpl.invoke(DelegatingMethodAccessorImpl.java:25)
     [java] 	at java.lang.reflect.Method.invoke(Method.java:585)
     [java] 	at org.apache.tools.ant.taskdefs.ExecuteJava.run(ExecuteJava.java:217)
     [java] 	at org.apache.tools.ant.taskdefs.ExecuteJava.execute(ExecuteJava.java:152)
     [java] 	at org.apache.tools.ant.taskdefs.Java.run(Java.java:764)
     [java] 	at org.apache.tools.ant.taskdefs.Java.executeJava(Java.java:218)
     [java] 	at org.apache.tools.ant.taskdefs.Java.executeJava(Java.java:132)
     [java] 	at org.apache.tools.ant.taskdefs.Java.execute(Java.java:105)
     [java] 	at org.apache.tools.ant.UnknownElement.execute(UnknownElement.java:288)
     [java] 	at sun.reflect.NativeMethodAccessorImpl.invoke0(Native Method)
     [java] 	at sun.reflect.NativeMethodAccessorImpl.invoke(NativeMethodAccessorImpl.java:39)
     [java] 	at sun.reflect.DelegatingMethodAccessorImpl.invoke(DelegatingMethodAccessorImpl.java:25)
     [java] 	at java.lang.reflect.Method.invoke(Method.java:585)
     [java] 	at org.apache.tools.ant.dispatch.DispatchUtils.execute(DispatchUtils.java:106)
     [java] 	at org.apache.tools.ant.Task.perform(Task.java:348)
     [java] 	at org.apache.tools.ant.Target.execute(Target.java:357)
     [java] 	at org.apache.tools.ant.Target.performTasks(Target.java:385)
     [java] 	at org.apache.tools.ant.Project.executeSortedTargets(Project.java:1337)
     [java] 	at org.apache.tools.ant.Project.executeTarget(Project.java:1306)
     [java] 	at org.apache.tools.ant.helper.DefaultExecutor.executeTargets(DefaultExecutor.java:41)
     [java] 	at org.apache.tools.ant.Project.executeTargets(Project.java:1189)
     [java] 	at org.apache.tools.ant.Main.runBuild(Main.java:758)
     [java] 	at org.apache.tools.ant.Main.startAnt(Main.java:217)
     [java] 	at org.apache.tools.ant.launch.Launcher.run(Launcher.java:257)
     [java] 	at org.apache.tools.ant.launch.Launcher.main(Launcher.java:104)
     [java] log4j:ERROR Ignoring configuration file [null\logger.properties].
     [java] - Message sent to stop server

BUILD SUCCESSFUL
Total time: 24 seconds
